<?xml version="1.0" encoding="UTF-8"?>
<testng-results ignored="0" total="1" passed="1" failed="0" skipped="0">
  <reporter-output>
  </reporter-output>
  <suite started-at="2022-05-11T12:17:07 IST" name="Default suite" finished-at="2022-05-11T12:17:28 IST" duration-ms="21203">
    <groups>
    </groups>
    <test started-at="2022-05-11T12:17:07 IST" name="Default test" finished-at="2022-05-11T12:17:28 IST" duration-ms="21203">
      <class name="main.NewTest">
        <test-method is-config="true" signature="beforeTest()[pri:0, instance:main.NewTest@306e95ec]" started-at="2022-05-11T12:17:07 IST" name="beforeTest" finished-at="2022-05-11T12:17:12 IST" duration-ms="4908" status="PASS">
          <reporter-output>
          </reporter-output>
        </test-method> <!-- beforeTest -->
        <test-method signature="scenario3()[pri:0, instance:main.NewTest@306e95ec]" started-at="2022-05-11T12:17:12 IST" name="scenario3" finished-at="2022-05-11T12:17:28 IST" duration-ms="15713" status="PASS">
          <reporter-output>
          </reporter-output>
        </test-method> <!-- scenario3 -->
        <test-method is-config="true" signature="afterTest()[pri:0, instance:main.NewTest@306e95ec]" started-at="2022-05-11T12:17:28 IST" name="afterTest" finished-at="2022-05-11T12:17:28 IST" duration-ms="498" status="PASS">
          <reporter-output>
          </reporter-output>
        </test-method> <!-- afterTest -->
      </class> <!-- main.NewTest -->
    </test> <!-- Default test -->
  </suite> <!-- Default suite -->
</testng-results>
